<?xml version="1.0" encoding="UTF-8"?>
<!-- Generated by org.testng.reporters.JUnitReportReporter -->
<testsuite hostname="DESKTOP-5H5ME9M" failures="0" tests="1" name="testCases.LoginTest" time="67.368" errors="0" timestamp="2022-08-05T12:45:41 IST" skipped="0">
  <testcase classname="testCases.LoginTest" name="loginTest" time="67.368"/>
  <system-out/>
</testsuite> <!-- testCases.LoginTest -->
